


ARM Macro Assembler    Page 1 


    1 00000000         ;
    2 00000000         ;  user/Arch/stm32f10x_hd.s
    3 00000000         ;
    4 00000000         ;  Copyright (C) YYC
    5 00000000         ;
    6 00000000         ;  2012.4.9
    7 00000000         ;
    8 00000000         ;  启动文件：堆栈初始化及向量表初始化。
    9 00000000         ; 
   10 00000000         
   11 00000000         ;* <<< Use Configuration Wizard in Context Menu >>> 
   12 00000000         ; Amount of memory (in bytes) allocated for Stack
   13 00000000         ; Tailor this value to your application needs
   14 00000000         ; <h> Stack Configuration
   15 00000000         ;   <o> Stack Size (in Bytes) <0x0-0xFFFFFFFF:8>
   16 00000000         ; </h>
   17 00000000         
   18 00000000 00000400 
                       Stack_Size
                               EQU              0x00000400
   19 00000000         
   20 00000000                 AREA             STACK, NOINIT, READWRITE, ALIGN
=3
   21 00000000         Stack_Mem
                               SPACE            Stack_Size
   22 00000400         __initial_sp
   23 00000400         
   24 00000400         ; <h> Heap Configuration
   25 00000400         ;   <o>  Heap Size (in Bytes) <0x0-0xFFFFFFFF:8>
   26 00000400         ; </h>
   27 00000400         
   28 00000400 00000200 
                       Heap_Size
                               EQU              0x00000200
   29 00000400         
   30 00000400                 AREA             HEAP, NOINIT, READWRITE, ALIGN=
3
   31 00000000         __heap_base
   32 00000000         Heap_Mem
                               SPACE            Heap_Size
   33 00000200         __heap_limit
   34 00000200         
   35 00000200                 PRESERVE8
   36 00000200                 THUMB
   37 00000200         
   38 00000200                 IMPORT           OSPendSV
   39 00000200                 IMPORT           SysTickHandler
   40 00000200                 IMPORT           WWDG_IRQHandler
   41 00000200                 IMPORT           PVD_IRQHandler
   42 00000200                 IMPORT           TAMPER_IRQHandler
   43 00000200                 IMPORT           RTC_IRQHandler
   44 00000200                 IMPORT           FLASH_IRQHandler
   45 00000200                 IMPORT           RCC_IRQHandler
   46 00000200                 IMPORT           EXTI0_IRQHandler
   47 00000200                 IMPORT           EXTI1_IRQHandler
   48 00000200                 IMPORT           EXTI2_IRQHandler
   49 00000200                 IMPORT           EXTI3_IRQHandler
   50 00000200                 IMPORT           EXTI4_IRQHandler
   51 00000200                 IMPORT           DMA1_Channel1_IRQHandler



ARM Macro Assembler    Page 2 


   52 00000200                 IMPORT           DMA1_Channel2_IRQHandler
   53 00000200                 IMPORT           DMA1_Channel3_IRQHandler
   54 00000200                 IMPORT           DMA1_Channel4_IRQHandler
   55 00000200                 IMPORT           DMA1_Channel5_IRQHandler
   56 00000200                 IMPORT           DMA1_Channel6_IRQHandler
   57 00000200                 IMPORT           DMA1_Channel7_IRQHandler
   58 00000200                 IMPORT           ADC1_2_IRQHandler
   59 00000200                 IMPORT           USB_HP_CAN1_TX_IRQHandler
   60 00000200                 IMPORT           USB_LP_CAN1_RX0_IRQHandler
   61 00000200                 IMPORT           CAN1_RX1_IRQHandler
   62 00000200                 IMPORT           CAN1_SCE_IRQHandler
   63 00000200                 IMPORT           EXTI9_5_IRQHandler
   64 00000200                 IMPORT           TIM1_BRK_IRQHandler
   65 00000200                 IMPORT           TIM1_UP_IRQHandler
   66 00000200                 IMPORT           TIM1_TRG_COM_IRQHandler
   67 00000200                 IMPORT           TIM1_CC_IRQHandler
   68 00000200                 IMPORT           TIM2_IRQHandler
   69 00000200                 IMPORT           TIM3_IRQHandler
   70 00000200                 IMPORT           TIM4_IRQHandler
   71 00000200                 IMPORT           I2C1_EV_IRQHandler
   72 00000200                 IMPORT           I2C1_ER_IRQHandler
   73 00000200                 IMPORT           I2C2_EV_IRQHandler
   74 00000200                 IMPORT           I2C2_ER_IRQHandler
   75 00000200                 IMPORT           SPI1_IRQHandler
   76 00000200                 IMPORT           SPI2_IRQHandler
   77 00000200                 IMPORT           USART1_IRQHandler
   78 00000200                 IMPORT           USART2_IRQHandler
   79 00000200                 IMPORT           USART3_IRQHandler
   80 00000200                 IMPORT           EXTI15_10_IRQHandler
   81 00000200                 IMPORT           RTCAlarm_IRQHandler
   82 00000200                 IMPORT           USBWakeUp_IRQHandler
   83 00000200                 IMPORT           TIM8_BRK_IRQHandler 
                                                            ; TIM8 Break
   84 00000200                 IMPORT           TIM8_UP_IRQHandler 
                                                            ; TIM8 Update
   85 00000200                 IMPORT           TIM8_TRG_COM_IRQHandler ; TIM8 
                                                            Trigger and Commuta
                                                            tion
   86 00000200                 IMPORT           TIM8_CC_IRQHandler ; TIM8 Captu
                                                            re Compare
   87 00000200                 IMPORT           ADC3_IRQHandler ; ADC3
   88 00000200                 IMPORT           FSMC_IRQHandler ; FSMC
   89 00000200                 IMPORT           SDIO_IRQHandler ; SDIO
   90 00000200                 IMPORT           TIM5_IRQHandler ; TIM5
   91 00000200                 IMPORT           SPI3_IRQHandler ; SPI3
   92 00000200                 IMPORT           UART4_IRQHandler ; UART4
   93 00000200                 IMPORT           UART5_IRQHandler ; UART5
   94 00000200                 IMPORT           TIM6_IRQHandler ; TIM6
   95 00000200                 IMPORT           TIM7_IRQHandler ; TIM7
   96 00000200                 IMPORT           DMA2_Channel1_IRQHandler 
                                                            ; DMA2 Channel1
   97 00000200                 IMPORT           DMA2_Channel2_IRQHandler 
                                                            ; DMA2 Channel2
   98 00000200                 IMPORT           DMA2_Channel3_IRQHandler 
                                                            ; DMA2 Channel3
   99 00000200                 IMPORT           DMA2_Channel4_5_IRQHandler
  100 00000200         
  101 00000200         ; Vector Table Mapped to Address 0 at Reset
  102 00000200                 AREA             RESET, DATA, READONLY



ARM Macro Assembler    Page 3 


  103 00000000                 EXPORT           __Vectors
  104 00000000                 EXPORT           __Vectors_End
  105 00000000                 EXPORT           __Vectors_Size
  106 00000000         __Vectors
  107 00000000         ;  DCD     Stack + Stack_Size              ; Top of Stac
                       k
  108 00000000 00000000        DCD              __initial_sp
  109 00000004 00000000        DCD              Reset_Handler ; Reset Handler
  110 00000008 00000000        DCD              NMI_Handler ; NMI Handler
  111 0000000C 00000000        DCD              HardFault_Handler ; Hard Fault 
                                                            Handler
  112 00000010 00000000        DCD              MemManage_Handler 
                                                            ; MPU Fault Handler
                                                            
  113 00000014 00000000        DCD              BusFault_Handler 
                                                            ; Bus Fault Handler
                                                            
  114 00000018 00000000        DCD              UsageFault_Handler ; Usage Faul
                                                            t Handler
  115 0000001C 00000000        DCD              0           ; Reserved
  116 00000020 00000000        DCD              0           ; Reserved
  117 00000024 00000000        DCD              0           ; Reserved
  118 00000028 00000000        DCD              0           ; Reserved
  119 0000002C 00000000        DCD              SVC_Handler ; SVCall Handler
  120 00000030 00000000        DCD              DebugMon_Handler ; Debug Monito
                                                            r Handler
  121 00000034 00000000        DCD              0           ; Reserved
  122 00000038 00000000        DCD              OSPendSV    ; PendSV Handler
  123 0000003C 00000000        DCD              SysTickHandler 
                                                            ; SysTick Handler
  124 00000040         
  125 00000040         ; External Interrupts
  126 00000040 00000000        DCD              WWDG_IRQHandler 
                                                            ; Window Watchdog
  127 00000044 00000000        DCD              PVD_IRQHandler ; PVD through EX
                                                            TI Line detect
  128 00000048 00000000        DCD              TAMPER_IRQHandler ; Tamper
  129 0000004C 00000000        DCD              RTC_IRQHandler ; RTC
  130 00000050 00000000        DCD              FLASH_IRQHandler ; Flash
  131 00000054 00000000        DCD              RCC_IRQHandler ; RCC
  132 00000058 00000000        DCD              EXTI0_IRQHandler ; EXTI Line 0
  133 0000005C 00000000        DCD              EXTI1_IRQHandler ; EXTI Line 1
  134 00000060 00000000        DCD              EXTI2_IRQHandler ; EXTI Line 2
  135 00000064 00000000        DCD              EXTI3_IRQHandler ; EXTI Line 3
  136 00000068 00000000        DCD              EXTI4_IRQHandler ; EXTI Line 4
  137 0000006C 00000000        DCD              DMA1_Channel1_IRQHandler 
                                                            ; DMA1 Channel 1
  138 00000070 00000000        DCD              DMA1_Channel2_IRQHandler 
                                                            ; DMA1 Channel 2
  139 00000074 00000000        DCD              DMA1_Channel3_IRQHandler 
                                                            ; DMA1 Channel 3
  140 00000078 00000000        DCD              DMA1_Channel4_IRQHandler 
                                                            ; DMA1 Channel 4
  141 0000007C 00000000        DCD              DMA1_Channel5_IRQHandler 
                                                            ; DMA1 Channel 5
  142 00000080 00000000        DCD              DMA1_Channel6_IRQHandler 
                                                            ; DMA1 Channel 6
  143 00000084 00000000        DCD              DMA1_Channel7_IRQHandler 
                                                            ; DMA1 Channel 7



ARM Macro Assembler    Page 4 


  144 00000088 00000000        DCD              ADC1_2_IRQHandler ; ADC1 & ADC2
                                                            
  145 0000008C 00000000        DCD              USB_HP_CAN1_TX_IRQHandler ; USB
                                                             High Priority or C
                                                            AN1 TX
  146 00000090 00000000        DCD              USB_LP_CAN1_RX0_IRQHandler ; US
                                                            B Low  Priority or 
                                                            CAN1 RX0
  147 00000094 00000000        DCD              CAN1_RX1_IRQHandler ; CAN1 RX1
  148 00000098 00000000        DCD              CAN1_SCE_IRQHandler ; CAN1 SCE
  149 0000009C 00000000        DCD              EXTI9_5_IRQHandler 
                                                            ; EXTI Line 9..5
  150 000000A0 00000000        DCD              TIM1_BRK_IRQHandler 
                                                            ; TIM1 Break
  151 000000A4 00000000        DCD              TIM1_UP_IRQHandler 
                                                            ; TIM1 Update
  152 000000A8 00000000        DCD              TIM1_TRG_COM_IRQHandler ; TIM1 
                                                            Trigger and Commuta
                                                            tion
  153 000000AC 00000000        DCD              TIM1_CC_IRQHandler ; TIM1 Captu
                                                            re Compare
  154 000000B0 00000000        DCD              TIM2_IRQHandler ; TIM2
  155 000000B4 00000000        DCD              TIM3_IRQHandler ; TIM3
  156 000000B8 00000000        DCD              TIM4_IRQHandler ; TIM4
  157 000000BC 00000000        DCD              I2C1_EV_IRQHandler ; I2C1 Event
                                                            
  158 000000C0 00000000        DCD              I2C1_ER_IRQHandler ; I2C1 Error
                                                            
  159 000000C4 00000000        DCD              I2C2_EV_IRQHandler ; I2C2 Event
                                                            
  160 000000C8 00000000        DCD              I2C2_ER_IRQHandler ; I2C2 Error
                                                            
  161 000000CC 00000000        DCD              SPI1_IRQHandler ; SPI1
  162 000000D0 00000000        DCD              SPI2_IRQHandler ; SPI2
  163 000000D4 00000000        DCD              USART1_IRQHandler ; USART1
  164 000000D8 00000000        DCD              USART2_IRQHandler ; USART2
  165 000000DC 00000000        DCD              USART3_IRQHandler ; USART3
  166 000000E0 00000000        DCD              EXTI15_10_IRQHandler 
                                                            ; EXTI Line 15..10
  167 000000E4 00000000        DCD              RTCAlarm_IRQHandler ; RTC Alarm
                                                             through EXTI Line
  168 000000E8 00000000        DCD              USBWakeUp_IRQHandler ; USB Wake
                                                            up from suspend
  169 000000EC 00000000        DCD              TIM8_BRK_IRQHandler 
                                                            ; TIM8 Break
  170 000000F0 00000000        DCD              TIM8_UP_IRQHandler 
                                                            ; TIM8 Update
  171 000000F4 00000000        DCD              TIM8_TRG_COM_IRQHandler ; TIM8 
                                                            Trigger and Commuta
                                                            tion
  172 000000F8 00000000        DCD              TIM8_CC_IRQHandler ; TIM8 Captu
                                                            re Compare
  173 000000FC 00000000        DCD              ADC3_IRQHandler ; ADC3
  174 00000100 00000000        DCD              FSMC_IRQHandler ; FSMC
  175 00000104 00000000        DCD              SDIO_IRQHandler ; SDIO
  176 00000108 00000000        DCD              TIM5_IRQHandler ; TIM5
  177 0000010C 00000000        DCD              SPI3_IRQHandler ; SPI3
  178 00000110 00000000        DCD              UART4_IRQHandler ; UART4
  179 00000114 00000000        DCD              UART5_IRQHandler ; UART5



ARM Macro Assembler    Page 5 


  180 00000118 00000000        DCD              TIM6_IRQHandler ; TIM6
  181 0000011C 00000000        DCD              TIM7_IRQHandler ; TIM7
  182 00000120 00000000        DCD              DMA2_Channel1_IRQHandler 
                                                            ; DMA2 Channel1
  183 00000124 00000000        DCD              DMA2_Channel2_IRQHandler 
                                                            ; DMA2 Channel2
  184 00000128 00000000        DCD              DMA2_Channel3_IRQHandler 
                                                            ; DMA2 Channel3
  185 0000012C 00000000        DCD              DMA2_Channel4_5_IRQHandler ; DM
                                                            A2 Channel4 & Chann
                                                            el5
  186 00000130         __Vectors_End
  187 00000130         
  188 00000130 00000130 
                       __Vectors_Size
                               EQU              __Vectors_End - __Vectors
  189 00000130         
  190 00000130                 AREA             |.text|, CODE, READONLY
  191 00000000         
  192 00000000         ; Reset handler
  193 00000000         Reset_Handler
                               PROC
  194 00000000                 EXPORT           Reset_Handler             [WEAK
]
  195 00000000                 IMPORT           __main
  196 00000000                 IMPORT           system_init
  197 00000000 4805            LDR              R0, = system_init
  198 00000002 4780            BLX              R0
  199 00000004 4805            LDR              R0, =__main
  200 00000006 4700            BX               R0
  201 00000008                 ENDP
  202 00000008         
  203 00000008         ; Dummy Exception Handlers (infinite loops which can be 
                       modified)
  204 00000008         
  205 00000008         NMI_Handler
                               PROC
  206 00000008                 EXPORT           NMI_Handler                [WEA
K]
  207 00000008 E7FE            B                .
  208 0000000A                 ENDP
  210 0000000A         HardFault_Handler
                               PROC
  211 0000000A                 EXPORT           HardFault_Handler          [WEA
K]
  212 0000000A E7FE            B                .
  213 0000000C                 ENDP
  215 0000000C         MemManage_Handler
                               PROC
  216 0000000C                 EXPORT           MemManage_Handler          [WEA
K]
  217 0000000C E7FE            B                .
  218 0000000E                 ENDP
  220 0000000E         BusFault_Handler
                               PROC
  221 0000000E                 EXPORT           BusFault_Handler           [WEA
K]
  222 0000000E E7FE            B                .
  223 00000010                 ENDP



ARM Macro Assembler    Page 6 


  225 00000010         UsageFault_Handler
                               PROC
  226 00000010                 EXPORT           UsageFault_Handler         [WEA
K]
  227 00000010 E7FE            B                .
  228 00000012                 ENDP
  229 00000012         SVC_Handler
                               PROC
  230 00000012                 EXPORT           SVC_Handler                [WEA
K]
  231 00000012 E7FE            B                .
  232 00000014                 ENDP
  234 00000014         DebugMon_Handler
                               PROC
  235 00000014                 EXPORT           DebugMon_Handler           [WEA
K]
  236 00000014 E7FE            B                .
  237 00000016                 ENDP
  238 00000016         
  239 00000016 00 00           ALIGN
  240 00000018         
  241 00000018         ;*******************************************************
                       *************************************
  242 00000018         ;*  The function expected of the C library startup 
  243 00000018         ;*  code for defining the stack and heap memory location
                       s. 
  244 00000018         ;*******************************************************
                       *************************************
  245 00000018                 IF               :DEF:__MICROLIB
  246 00000018         
  247 00000018                 EXPORT           __initial_sp
  248 00000018                 EXPORT           __heap_base
  249 00000018                 EXPORT           __heap_limit
  250 00000018         
  251 00000018                 ELSE
  265                          ENDIF
  266 00000018         
  267 00000018                 END
              00000000 
              00000000 
Command Line: --16 --debug --xref --cpu=Cortex-M3 --apcs=interwork --depend=..\
out\stm32f10x_hd.d -o..\out\stm32f10x_hd.o -IF:\Keil\ARM\RV31\INC -IF:\Keil\ARM
\CMSIS\Include -IF:\Keil\ARM\Inc\ST\STM32F10x --predefine="__MICROLIB SETA 1" -
-list=.\List\stm32f10x_hd.lst ..\user\Arch\stm32f10x_hd.s



ARM Macro Assembler    Page 1 Alphabetic symbol ordering
Relocatable symbols

STACK 00000000

Symbol: STACK
   Definitions
      At line 20 in file ..\user\Arch\stm32f10x_hd.s
   Uses
      None
Comment: STACK unused
Stack_Mem 00000000

Symbol: Stack_Mem
   Definitions
      At line 21 in file ..\user\Arch\stm32f10x_hd.s
   Uses
      None
Comment: Stack_Mem unused
__initial_sp 00000400

Symbol: __initial_sp
   Definitions
      At line 22 in file ..\user\Arch\stm32f10x_hd.s
   Uses
      At line 108 in file ..\user\Arch\stm32f10x_hd.s
      At line 247 in file ..\user\Arch\stm32f10x_hd.s

3 symbols



ARM Macro Assembler    Page 1 Alphabetic symbol ordering
Relocatable symbols

HEAP 00000000

Symbol: HEAP
   Definitions
      At line 30 in file ..\user\Arch\stm32f10x_hd.s
   Uses
      None
Comment: HEAP unused
Heap_Mem 00000000

Symbol: Heap_Mem
   Definitions
      At line 32 in file ..\user\Arch\stm32f10x_hd.s
   Uses
      None
Comment: Heap_Mem unused
__heap_base 00000000

Symbol: __heap_base
   Definitions
      At line 31 in file ..\user\Arch\stm32f10x_hd.s
   Uses
      At line 248 in file ..\user\Arch\stm32f10x_hd.s
Comment: __heap_base used once
__heap_limit 00000200

Symbol: __heap_limit
   Definitions
      At line 33 in file ..\user\Arch\stm32f10x_hd.s
   Uses
      At line 249 in file ..\user\Arch\stm32f10x_hd.s
Comment: __heap_limit used once
4 symbols



ARM Macro Assembler    Page 1 Alphabetic symbol ordering
Relocatable symbols

RESET 00000000

Symbol: RESET
   Definitions
      At line 102 in file ..\user\Arch\stm32f10x_hd.s
   Uses
      None
Comment: RESET unused
__Vectors 00000000

Symbol: __Vectors
   Definitions
      At line 106 in file ..\user\Arch\stm32f10x_hd.s
   Uses
      At line 103 in file ..\user\Arch\stm32f10x_hd.s
      At line 188 in file ..\user\Arch\stm32f10x_hd.s

__Vectors_End 00000130

Symbol: __Vectors_End
   Definitions
      At line 186 in file ..\user\Arch\stm32f10x_hd.s
   Uses
      At line 104 in file ..\user\Arch\stm32f10x_hd.s
      At line 188 in file ..\user\Arch\stm32f10x_hd.s

3 symbols



ARM Macro Assembler    Page 1 Alphabetic symbol ordering
Relocatable symbols

.text 00000000

Symbol: .text
   Definitions
      At line 190 in file ..\user\Arch\stm32f10x_hd.s
   Uses
      None
Comment: .text unused
BusFault_Handler 0000000E

Symbol: BusFault_Handler
   Definitions
      At line 220 in file ..\user\Arch\stm32f10x_hd.s
   Uses
      At line 113 in file ..\user\Arch\stm32f10x_hd.s
      At line 221 in file ..\user\Arch\stm32f10x_hd.s

DebugMon_Handler 00000014

Symbol: DebugMon_Handler
   Definitions
      At line 234 in file ..\user\Arch\stm32f10x_hd.s
   Uses
      At line 120 in file ..\user\Arch\stm32f10x_hd.s
      At line 235 in file ..\user\Arch\stm32f10x_hd.s

HardFault_Handler 0000000A

Symbol: HardFault_Handler
   Definitions
      At line 210 in file ..\user\Arch\stm32f10x_hd.s
   Uses
      At line 111 in file ..\user\Arch\stm32f10x_hd.s
      At line 211 in file ..\user\Arch\stm32f10x_hd.s

MemManage_Handler 0000000C

Symbol: MemManage_Handler
   Definitions
      At line 215 in file ..\user\Arch\stm32f10x_hd.s
   Uses
      At line 112 in file ..\user\Arch\stm32f10x_hd.s
      At line 216 in file ..\user\Arch\stm32f10x_hd.s

NMI_Handler 00000008

Symbol: NMI_Handler
   Definitions
      At line 205 in file ..\user\Arch\stm32f10x_hd.s
   Uses
      At line 110 in file ..\user\Arch\stm32f10x_hd.s
      At line 206 in file ..\user\Arch\stm32f10x_hd.s

Reset_Handler 00000000

Symbol: Reset_Handler
   Definitions
      At line 193 in file ..\user\Arch\stm32f10x_hd.s
   Uses



ARM Macro Assembler    Page 2 Alphabetic symbol ordering
Relocatable symbols

      At line 109 in file ..\user\Arch\stm32f10x_hd.s
      At line 194 in file ..\user\Arch\stm32f10x_hd.s

SVC_Handler 00000012

Symbol: SVC_Handler
   Definitions
      At line 229 in file ..\user\Arch\stm32f10x_hd.s
   Uses
      At line 119 in file ..\user\Arch\stm32f10x_hd.s
      At line 230 in file ..\user\Arch\stm32f10x_hd.s

UsageFault_Handler 00000010

Symbol: UsageFault_Handler
   Definitions
      At line 225 in file ..\user\Arch\stm32f10x_hd.s
   Uses
      At line 114 in file ..\user\Arch\stm32f10x_hd.s
      At line 226 in file ..\user\Arch\stm32f10x_hd.s

9 symbols



ARM Macro Assembler    Page 1 Alphabetic symbol ordering
Absolute symbols

Heap_Size 00000200

Symbol: Heap_Size
   Definitions
      At line 28 in file ..\user\Arch\stm32f10x_hd.s
   Uses
      At line 32 in file ..\user\Arch\stm32f10x_hd.s
Comment: Heap_Size used once
Stack_Size 00000400

Symbol: Stack_Size
   Definitions
      At line 18 in file ..\user\Arch\stm32f10x_hd.s
   Uses
      At line 21 in file ..\user\Arch\stm32f10x_hd.s
Comment: Stack_Size used once
__Vectors_Size 00000130

Symbol: __Vectors_Size
   Definitions
      At line 188 in file ..\user\Arch\stm32f10x_hd.s
   Uses
      At line 105 in file ..\user\Arch\stm32f10x_hd.s
Comment: __Vectors_Size used once
3 symbols



ARM Macro Assembler    Page 1 Alphabetic symbol ordering
External symbols

ADC1_2_IRQHandler 00000000

Symbol: ADC1_2_IRQHandler
   Definitions
      At line 58 in file ..\user\Arch\stm32f10x_hd.s
   Uses
      At line 144 in file ..\user\Arch\stm32f10x_hd.s
Comment: ADC1_2_IRQHandler used once
ADC3_IRQHandler 00000000

Symbol: ADC3_IRQHandler
   Definitions
      At line 87 in file ..\user\Arch\stm32f10x_hd.s
   Uses
      At line 173 in file ..\user\Arch\stm32f10x_hd.s
Comment: ADC3_IRQHandler used once
CAN1_RX1_IRQHandler 00000000

Symbol: CAN1_RX1_IRQHandler
   Definitions
      At line 61 in file ..\user\Arch\stm32f10x_hd.s
   Uses
      At line 147 in file ..\user\Arch\stm32f10x_hd.s
Comment: CAN1_RX1_IRQHandler used once
CAN1_SCE_IRQHandler 00000000

Symbol: CAN1_SCE_IRQHandler
   Definitions
      At line 62 in file ..\user\Arch\stm32f10x_hd.s
   Uses
      At line 148 in file ..\user\Arch\stm32f10x_hd.s
Comment: CAN1_SCE_IRQHandler used once
DMA1_Channel1_IRQHandler 00000000

Symbol: DMA1_Channel1_IRQHandler
   Definitions
      At line 51 in file ..\user\Arch\stm32f10x_hd.s
   Uses
      At line 137 in file ..\user\Arch\stm32f10x_hd.s
Comment: DMA1_Channel1_IRQHandler used once
DMA1_Channel2_IRQHandler 00000000

Symbol: DMA1_Channel2_IRQHandler
   Definitions
      At line 52 in file ..\user\Arch\stm32f10x_hd.s
   Uses
      At line 138 in file ..\user\Arch\stm32f10x_hd.s
Comment: DMA1_Channel2_IRQHandler used once
DMA1_Channel3_IRQHandler 00000000

Symbol: DMA1_Channel3_IRQHandler
   Definitions
      At line 53 in file ..\user\Arch\stm32f10x_hd.s
   Uses
      At line 139 in file ..\user\Arch\stm32f10x_hd.s
Comment: DMA1_Channel3_IRQHandler used once
DMA1_Channel4_IRQHandler 00000000

Symbol: DMA1_Channel4_IRQHandler



ARM Macro Assembler    Page 2 Alphabetic symbol ordering
External symbols

   Definitions
      At line 54 in file ..\user\Arch\stm32f10x_hd.s
   Uses
      At line 140 in file ..\user\Arch\stm32f10x_hd.s
Comment: DMA1_Channel4_IRQHandler used once
DMA1_Channel5_IRQHandler 00000000

Symbol: DMA1_Channel5_IRQHandler
   Definitions
      At line 55 in file ..\user\Arch\stm32f10x_hd.s
   Uses
      At line 141 in file ..\user\Arch\stm32f10x_hd.s
Comment: DMA1_Channel5_IRQHandler used once
DMA1_Channel6_IRQHandler 00000000

Symbol: DMA1_Channel6_IRQHandler
   Definitions
      At line 56 in file ..\user\Arch\stm32f10x_hd.s
   Uses
      At line 142 in file ..\user\Arch\stm32f10x_hd.s
Comment: DMA1_Channel6_IRQHandler used once
DMA1_Channel7_IRQHandler 00000000

Symbol: DMA1_Channel7_IRQHandler
   Definitions
      At line 57 in file ..\user\Arch\stm32f10x_hd.s
   Uses
      At line 143 in file ..\user\Arch\stm32f10x_hd.s
Comment: DMA1_Channel7_IRQHandler used once
DMA2_Channel1_IRQHandler 00000000

Symbol: DMA2_Channel1_IRQHandler
   Definitions
      At line 96 in file ..\user\Arch\stm32f10x_hd.s
   Uses
      At line 182 in file ..\user\Arch\stm32f10x_hd.s
Comment: DMA2_Channel1_IRQHandler used once
DMA2_Channel2_IRQHandler 00000000

Symbol: DMA2_Channel2_IRQHandler
   Definitions
      At line 97 in file ..\user\Arch\stm32f10x_hd.s
   Uses
      At line 183 in file ..\user\Arch\stm32f10x_hd.s
Comment: DMA2_Channel2_IRQHandler used once
DMA2_Channel3_IRQHandler 00000000

Symbol: DMA2_Channel3_IRQHandler
   Definitions
      At line 98 in file ..\user\Arch\stm32f10x_hd.s
   Uses
      At line 184 in file ..\user\Arch\stm32f10x_hd.s
Comment: DMA2_Channel3_IRQHandler used once
DMA2_Channel4_5_IRQHandler 00000000

Symbol: DMA2_Channel4_5_IRQHandler
   Definitions
      At line 99 in file ..\user\Arch\stm32f10x_hd.s
   Uses



ARM Macro Assembler    Page 3 Alphabetic symbol ordering
External symbols

      At line 185 in file ..\user\Arch\stm32f10x_hd.s
Comment: DMA2_Channel4_5_IRQHandler used once
EXTI0_IRQHandler 00000000

Symbol: EXTI0_IRQHandler
   Definitions
      At line 46 in file ..\user\Arch\stm32f10x_hd.s
   Uses
      At line 132 in file ..\user\Arch\stm32f10x_hd.s
Comment: EXTI0_IRQHandler used once
EXTI15_10_IRQHandler 00000000

Symbol: EXTI15_10_IRQHandler
   Definitions
      At line 80 in file ..\user\Arch\stm32f10x_hd.s
   Uses
      At line 166 in file ..\user\Arch\stm32f10x_hd.s
Comment: EXTI15_10_IRQHandler used once
EXTI1_IRQHandler 00000000

Symbol: EXTI1_IRQHandler
   Definitions
      At line 47 in file ..\user\Arch\stm32f10x_hd.s
   Uses
      At line 133 in file ..\user\Arch\stm32f10x_hd.s
Comment: EXTI1_IRQHandler used once
EXTI2_IRQHandler 00000000

Symbol: EXTI2_IRQHandler
   Definitions
      At line 48 in file ..\user\Arch\stm32f10x_hd.s
   Uses
      At line 134 in file ..\user\Arch\stm32f10x_hd.s
Comment: EXTI2_IRQHandler used once
EXTI3_IRQHandler 00000000

Symbol: EXTI3_IRQHandler
   Definitions
      At line 49 in file ..\user\Arch\stm32f10x_hd.s
   Uses
      At line 135 in file ..\user\Arch\stm32f10x_hd.s
Comment: EXTI3_IRQHandler used once
EXTI4_IRQHandler 00000000

Symbol: EXTI4_IRQHandler
   Definitions
      At line 50 in file ..\user\Arch\stm32f10x_hd.s
   Uses
      At line 136 in file ..\user\Arch\stm32f10x_hd.s
Comment: EXTI4_IRQHandler used once
EXTI9_5_IRQHandler 00000000

Symbol: EXTI9_5_IRQHandler
   Definitions
      At line 63 in file ..\user\Arch\stm32f10x_hd.s
   Uses
      At line 149 in file ..\user\Arch\stm32f10x_hd.s
Comment: EXTI9_5_IRQHandler used once
FLASH_IRQHandler 00000000



ARM Macro Assembler    Page 4 Alphabetic symbol ordering
External symbols


Symbol: FLASH_IRQHandler
   Definitions
      At line 44 in file ..\user\Arch\stm32f10x_hd.s
   Uses
      At line 130 in file ..\user\Arch\stm32f10x_hd.s
Comment: FLASH_IRQHandler used once
FSMC_IRQHandler 00000000

Symbol: FSMC_IRQHandler
   Definitions
      At line 88 in file ..\user\Arch\stm32f10x_hd.s
   Uses
      At line 174 in file ..\user\Arch\stm32f10x_hd.s
Comment: FSMC_IRQHandler used once
I2C1_ER_IRQHandler 00000000

Symbol: I2C1_ER_IRQHandler
   Definitions
      At line 72 in file ..\user\Arch\stm32f10x_hd.s
   Uses
      At line 158 in file ..\user\Arch\stm32f10x_hd.s
Comment: I2C1_ER_IRQHandler used once
I2C1_EV_IRQHandler 00000000

Symbol: I2C1_EV_IRQHandler
   Definitions
      At line 71 in file ..\user\Arch\stm32f10x_hd.s
   Uses
      At line 157 in file ..\user\Arch\stm32f10x_hd.s
Comment: I2C1_EV_IRQHandler used once
I2C2_ER_IRQHandler 00000000

Symbol: I2C2_ER_IRQHandler
   Definitions
      At line 74 in file ..\user\Arch\stm32f10x_hd.s
   Uses
      At line 160 in file ..\user\Arch\stm32f10x_hd.s
Comment: I2C2_ER_IRQHandler used once
I2C2_EV_IRQHandler 00000000

Symbol: I2C2_EV_IRQHandler
   Definitions
      At line 73 in file ..\user\Arch\stm32f10x_hd.s
   Uses
      At line 159 in file ..\user\Arch\stm32f10x_hd.s
Comment: I2C2_EV_IRQHandler used once
OSPendSV 00000000

Symbol: OSPendSV
   Definitions
      At line 38 in file ..\user\Arch\stm32f10x_hd.s
   Uses
      At line 122 in file ..\user\Arch\stm32f10x_hd.s
Comment: OSPendSV used once
PVD_IRQHandler 00000000

Symbol: PVD_IRQHandler
   Definitions



ARM Macro Assembler    Page 5 Alphabetic symbol ordering
External symbols

      At line 41 in file ..\user\Arch\stm32f10x_hd.s
   Uses
      At line 127 in file ..\user\Arch\stm32f10x_hd.s
Comment: PVD_IRQHandler used once
RCC_IRQHandler 00000000

Symbol: RCC_IRQHandler
   Definitions
      At line 45 in file ..\user\Arch\stm32f10x_hd.s
   Uses
      At line 131 in file ..\user\Arch\stm32f10x_hd.s
Comment: RCC_IRQHandler used once
RTCAlarm_IRQHandler 00000000

Symbol: RTCAlarm_IRQHandler
   Definitions
      At line 81 in file ..\user\Arch\stm32f10x_hd.s
   Uses
      At line 167 in file ..\user\Arch\stm32f10x_hd.s
Comment: RTCAlarm_IRQHandler used once
RTC_IRQHandler 00000000

Symbol: RTC_IRQHandler
   Definitions
      At line 43 in file ..\user\Arch\stm32f10x_hd.s
   Uses
      At line 129 in file ..\user\Arch\stm32f10x_hd.s
Comment: RTC_IRQHandler used once
SDIO_IRQHandler 00000000

Symbol: SDIO_IRQHandler
   Definitions
      At line 89 in file ..\user\Arch\stm32f10x_hd.s
   Uses
      At line 175 in file ..\user\Arch\stm32f10x_hd.s
Comment: SDIO_IRQHandler used once
SPI1_IRQHandler 00000000

Symbol: SPI1_IRQHandler
   Definitions
      At line 75 in file ..\user\Arch\stm32f10x_hd.s
   Uses
      At line 161 in file ..\user\Arch\stm32f10x_hd.s
Comment: SPI1_IRQHandler used once
SPI2_IRQHandler 00000000

Symbol: SPI2_IRQHandler
   Definitions
      At line 76 in file ..\user\Arch\stm32f10x_hd.s
   Uses
      At line 162 in file ..\user\Arch\stm32f10x_hd.s
Comment: SPI2_IRQHandler used once
SPI3_IRQHandler 00000000

Symbol: SPI3_IRQHandler
   Definitions
      At line 91 in file ..\user\Arch\stm32f10x_hd.s
   Uses
      At line 177 in file ..\user\Arch\stm32f10x_hd.s



ARM Macro Assembler    Page 6 Alphabetic symbol ordering
External symbols

Comment: SPI3_IRQHandler used once
SysTickHandler 00000000

Symbol: SysTickHandler
   Definitions
      At line 39 in file ..\user\Arch\stm32f10x_hd.s
   Uses
      At line 123 in file ..\user\Arch\stm32f10x_hd.s
Comment: SysTickHandler used once
TAMPER_IRQHandler 00000000

Symbol: TAMPER_IRQHandler
   Definitions
      At line 42 in file ..\user\Arch\stm32f10x_hd.s
   Uses
      At line 128 in file ..\user\Arch\stm32f10x_hd.s
Comment: TAMPER_IRQHandler used once
TIM1_BRK_IRQHandler 00000000

Symbol: TIM1_BRK_IRQHandler
   Definitions
      At line 64 in file ..\user\Arch\stm32f10x_hd.s
   Uses
      At line 150 in file ..\user\Arch\stm32f10x_hd.s
Comment: TIM1_BRK_IRQHandler used once
TIM1_CC_IRQHandler 00000000

Symbol: TIM1_CC_IRQHandler
   Definitions
      At line 67 in file ..\user\Arch\stm32f10x_hd.s
   Uses
      At line 153 in file ..\user\Arch\stm32f10x_hd.s
Comment: TIM1_CC_IRQHandler used once
TIM1_TRG_COM_IRQHandler 00000000

Symbol: TIM1_TRG_COM_IRQHandler
   Definitions
      At line 66 in file ..\user\Arch\stm32f10x_hd.s
   Uses
      At line 152 in file ..\user\Arch\stm32f10x_hd.s
Comment: TIM1_TRG_COM_IRQHandler used once
TIM1_UP_IRQHandler 00000000

Symbol: TIM1_UP_IRQHandler
   Definitions
      At line 65 in file ..\user\Arch\stm32f10x_hd.s
   Uses
      At line 151 in file ..\user\Arch\stm32f10x_hd.s
Comment: TIM1_UP_IRQHandler used once
TIM2_IRQHandler 00000000

Symbol: TIM2_IRQHandler
   Definitions
      At line 68 in file ..\user\Arch\stm32f10x_hd.s
   Uses
      At line 154 in file ..\user\Arch\stm32f10x_hd.s
Comment: TIM2_IRQHandler used once
TIM3_IRQHandler 00000000




ARM Macro Assembler    Page 7 Alphabetic symbol ordering
External symbols

Symbol: TIM3_IRQHandler
   Definitions
      At line 69 in file ..\user\Arch\stm32f10x_hd.s
   Uses
      At line 155 in file ..\user\Arch\stm32f10x_hd.s
Comment: TIM3_IRQHandler used once
TIM4_IRQHandler 00000000

Symbol: TIM4_IRQHandler
   Definitions
      At line 70 in file ..\user\Arch\stm32f10x_hd.s
   Uses
      At line 156 in file ..\user\Arch\stm32f10x_hd.s
Comment: TIM4_IRQHandler used once
TIM5_IRQHandler 00000000

Symbol: TIM5_IRQHandler
   Definitions
      At line 90 in file ..\user\Arch\stm32f10x_hd.s
   Uses
      At line 176 in file ..\user\Arch\stm32f10x_hd.s
Comment: TIM5_IRQHandler used once
TIM6_IRQHandler 00000000

Symbol: TIM6_IRQHandler
   Definitions
      At line 94 in file ..\user\Arch\stm32f10x_hd.s
   Uses
      At line 180 in file ..\user\Arch\stm32f10x_hd.s
Comment: TIM6_IRQHandler used once
TIM7_IRQHandler 00000000

Symbol: TIM7_IRQHandler
   Definitions
      At line 95 in file ..\user\Arch\stm32f10x_hd.s
   Uses
      At line 181 in file ..\user\Arch\stm32f10x_hd.s
Comment: TIM7_IRQHandler used once
TIM8_BRK_IRQHandler 00000000

Symbol: TIM8_BRK_IRQHandler
   Definitions
      At line 83 in file ..\user\Arch\stm32f10x_hd.s
   Uses
      At line 169 in file ..\user\Arch\stm32f10x_hd.s
Comment: TIM8_BRK_IRQHandler used once
TIM8_CC_IRQHandler 00000000

Symbol: TIM8_CC_IRQHandler
   Definitions
      At line 86 in file ..\user\Arch\stm32f10x_hd.s
   Uses
      At line 172 in file ..\user\Arch\stm32f10x_hd.s
Comment: TIM8_CC_IRQHandler used once
TIM8_TRG_COM_IRQHandler 00000000

Symbol: TIM8_TRG_COM_IRQHandler
   Definitions
      At line 85 in file ..\user\Arch\stm32f10x_hd.s



ARM Macro Assembler    Page 8 Alphabetic symbol ordering
External symbols

   Uses
      At line 171 in file ..\user\Arch\stm32f10x_hd.s
Comment: TIM8_TRG_COM_IRQHandler used once
TIM8_UP_IRQHandler 00000000

Symbol: TIM8_UP_IRQHandler
   Definitions
      At line 84 in file ..\user\Arch\stm32f10x_hd.s
   Uses
      At line 170 in file ..\user\Arch\stm32f10x_hd.s
Comment: TIM8_UP_IRQHandler used once
UART4_IRQHandler 00000000

Symbol: UART4_IRQHandler
   Definitions
      At line 92 in file ..\user\Arch\stm32f10x_hd.s
   Uses
      At line 178 in file ..\user\Arch\stm32f10x_hd.s
Comment: UART4_IRQHandler used once
UART5_IRQHandler 00000000

Symbol: UART5_IRQHandler
   Definitions
      At line 93 in file ..\user\Arch\stm32f10x_hd.s
   Uses
      At line 179 in file ..\user\Arch\stm32f10x_hd.s
Comment: UART5_IRQHandler used once
USART1_IRQHandler 00000000

Symbol: USART1_IRQHandler
   Definitions
      At line 77 in file ..\user\Arch\stm32f10x_hd.s
   Uses
      At line 163 in file ..\user\Arch\stm32f10x_hd.s
Comment: USART1_IRQHandler used once
USART2_IRQHandler 00000000

Symbol: USART2_IRQHandler
   Definitions
      At line 78 in file ..\user\Arch\stm32f10x_hd.s
   Uses
      At line 164 in file ..\user\Arch\stm32f10x_hd.s
Comment: USART2_IRQHandler used once
USART3_IRQHandler 00000000

Symbol: USART3_IRQHandler
   Definitions
      At line 79 in file ..\user\Arch\stm32f10x_hd.s
   Uses
      At line 165 in file ..\user\Arch\stm32f10x_hd.s
Comment: USART3_IRQHandler used once
USBWakeUp_IRQHandler 00000000

Symbol: USBWakeUp_IRQHandler
   Definitions
      At line 82 in file ..\user\Arch\stm32f10x_hd.s
   Uses
      At line 168 in file ..\user\Arch\stm32f10x_hd.s
Comment: USBWakeUp_IRQHandler used once



ARM Macro Assembler    Page 9 Alphabetic symbol ordering
External symbols

USB_HP_CAN1_TX_IRQHandler 00000000

Symbol: USB_HP_CAN1_TX_IRQHandler
   Definitions
      At line 59 in file ..\user\Arch\stm32f10x_hd.s
   Uses
      At line 145 in file ..\user\Arch\stm32f10x_hd.s
Comment: USB_HP_CAN1_TX_IRQHandler used once
USB_LP_CAN1_RX0_IRQHandler 00000000

Symbol: USB_LP_CAN1_RX0_IRQHandler
   Definitions
      At line 60 in file ..\user\Arch\stm32f10x_hd.s
   Uses
      At line 146 in file ..\user\Arch\stm32f10x_hd.s
Comment: USB_LP_CAN1_RX0_IRQHandler used once
WWDG_IRQHandler 00000000

Symbol: WWDG_IRQHandler
   Definitions
      At line 40 in file ..\user\Arch\stm32f10x_hd.s
   Uses
      At line 126 in file ..\user\Arch\stm32f10x_hd.s
Comment: WWDG_IRQHandler used once
__main 00000000

Symbol: __main
   Definitions
      At line 195 in file ..\user\Arch\stm32f10x_hd.s
   Uses
      At line 199 in file ..\user\Arch\stm32f10x_hd.s
Comment: __main used once
system_init 00000000

Symbol: system_init
   Definitions
      At line 196 in file ..\user\Arch\stm32f10x_hd.s
   Uses
      At line 197 in file ..\user\Arch\stm32f10x_hd.s
Comment: system_init used once
64 symbols
419 symbols in table
